{"/Users/someshdayama/.gemini/antigravity/scratch/speedtest/src/App.css": {"path":"/Users/someshdayama/.gemini/antigravity/scratch/speedtest/src/App.css","statementMap":{},"fnMap":{},"branchMap":{},"s":{},"f":{},"b":{},"meta":{"lastBranch":0,"lastFunction":0,"lastStatement":0,"seen":{}}}
,"/Users/someshdayama/.gemini/antigravity/scratch/speedtest/src/App.jsx": {"path":"/Users/someshdayama/.gemini/antigravity/scratch/speedtest/src/App.jsx","statementMap":{"0":{"start":{"line":16,"column":26},"end":{"line":16,"column":null}},"1":{"start":{"line":17,"column":28},"end":{"line":22,"column":null}},"2":{"start":{"line":23,"column":36},"end":{"line":29,"column":null}},"3":{"start":{"line":31,"column":2},"end":{"line":34,"column":null}},"4":{"start":{"line":33,"column":4},"end":{"line":33,"column":null}},"5":{"start":{"line":33,"column":34},"end":{"line":33,"column":54}},"6":{"start":{"line":37,"column":38},"end":{"line":37,"column":null}},"7":{"start":{"line":38,"column":38},"end":{"line":38,"column":null}},"8":{"start":{"line":41,"column":23},"end":{"line":41,"column":null}},"9":{"start":{"line":42,"column":24},"end":{"line":42,"column":null}},"10":{"start":{"line":45,"column":25},"end":{"line":45,"column":null}},"11":{"start":{"line":46,"column":27},"end":{"line":46,"column":null}},"12":{"start":{"line":48,"column":2},"end":{"line":55,"column":null}},"13":{"start":{"line":50,"column":4},"end":{"line":54,"column":null}},"14":{"start":{"line":51,"column":6},"end":{"line":51,"column":null}},"15":{"start":{"line":51,"column":30},"end":{"line":51,"column":38}},"16":{"start":{"line":52,"column":4},"end":{"line":54,"column":null}},"17":{"start":{"line":53,"column":6},"end":{"line":53,"column":null}},"18":{"start":{"line":57,"column":18},"end":{"line":105,"column":null}},"19":{"start":{"line":58,"column":4},"end":{"line":58,"column":null}},"20":{"start":{"line":58,"column":52},"end":{"line":58,"column":null}},"21":{"start":{"line":61,"column":4},"end":{"line":61,"column":null}},"22":{"start":{"line":62,"column":4},"end":{"line":62,"column":null}},"23":{"start":{"line":63,"column":4},"end":{"line":63,"column":null}},"24":{"start":{"line":64,"column":4},"end":{"line":64,"column":null}},"25":{"start":{"line":66,"column":4},"end":{"line":104,"column":null}},"26":{"start":{"line":68,"column":25},"end":{"line":68,"column":null}},"27":{"start":{"line":69,"column":6},"end":{"line":69,"column":null}},"28":{"start":{"line":69,"column":26},"end":{"line":69,"column":88}},"29":{"start":{"line":72,"column":6},"end":{"line":72,"column":null}},"30":{"start":{"line":73,"column":28},"end":{"line":76,"column":null}},"31":{"start":{"line":74,"column":8},"end":{"line":74,"column":null}},"32":{"start":{"line":75,"column":8},"end":{"line":75,"column":null}},"33":{"start":{"line":75,"column":28},"end":{"line":75,"column":59}},"34":{"start":{"line":78,"column":6},"end":{"line":78,"column":null}},"35":{"start":{"line":79,"column":6},"end":{"line":79,"column":null}},"36":{"start":{"line":79,"column":26},"end":{"line":79,"column":63}},"37":{"start":{"line":82,"column":6},"end":{"line":82,"column":null}},"38":{"start":{"line":82,"column":29},"end":{"line":82,"column":48}},"39":{"start":{"line":83,"column":6},"end":{"line":83,"column":null}},"40":{"start":{"line":86,"column":6},"end":{"line":86,"column":null}},"41":{"start":{"line":87,"column":26},"end":{"line":90,"column":null}},"42":{"start":{"line":88,"column":8},"end":{"line":88,"column":null}},"43":{"start":{"line":89,"column":8},"end":{"line":89,"column":null}},"44":{"start":{"line":89,"column":28},"end":{"line":89,"column":57}},"45":{"start":{"line":92,"column":6},"end":{"line":92,"column":null}},"46":{"start":{"line":93,"column":6},"end":{"line":93,"column":null}},"47":{"start":{"line":93,"column":26},"end":{"line":93,"column":59}},"48":{"start":{"line":96,"column":6},"end":{"line":96,"column":null}},"49":{"start":{"line":96,"column":29},"end":{"line":96,"column":47}},"50":{"start":{"line":98,"column":6},"end":{"line":98,"column":null}},"51":{"start":{"line":99,"column":6},"end":{"line":99,"column":null}},"52":{"start":{"line":102,"column":6},"end":{"line":102,"column":null}},"53":{"start":{"line":103,"column":6},"end":{"line":103,"column":null}},"54":{"start":{"line":107,"column":23},"end":{"line":112,"column":null}},"55":{"start":{"line":108,"column":4},"end":{"line":108,"column":null}},"56":{"start":{"line":108,"column":34},"end":{"line":108,"column":null}},"57":{"start":{"line":109,"column":4},"end":{"line":109,"column":null}},"58":{"start":{"line":109,"column":32},"end":{"line":109,"column":null}},"59":{"start":{"line":110,"column":4},"end":{"line":110,"column":null}},"60":{"start":{"line":110,"column":31},"end":{"line":110,"column":null}},"61":{"start":{"line":111,"column":4},"end":{"line":111,"column":null}},"62":{"start":{"line":114,"column":23},"end":{"line":114,"column":null}},"63":{"start":{"line":115,"column":25},"end":{"line":124,"column":null}},"64":{"start":{"line":116,"column":4},"end":{"line":123,"column":null}},"65":{"start":{"line":117,"column":19},"end":{"line":117,"column":null}},"66":{"start":{"line":118,"column":22},"end":{"line":118,"column":null}},"67":{"start":{"line":119,"column":26},"end":{"line":119,"column":null}},"68":{"start":{"line":120,"column":24},"end":{"line":120,"column":null}},"69":{"start":{"line":121,"column":23},"end":{"line":121,"column":null}},"70":{"start":{"line":122,"column":15},"end":{"line":122,"column":null}},"71":{"start":{"line":126,"column":2},"end":{"line":255,"column":null}}},"fnMap":{"0":{"name":"App","decl":{"start":{"line":15,"column":9},"end":{"line":15,"column":15}},"loc":{"start":{"line":15,"column":15},"end":{"line":257,"column":null}},"line":15},"1":{"name":"(anonymous_1)","decl":{"start":{"line":31,"column":12},"end":{"line":31,"column":18}},"loc":{"start":{"line":31,"column":18},"end":{"line":34,"column":5}},"line":31},"2":{"name":"(anonymous_2)","decl":{"start":{"line":33,"column":26},"end":{"line":33,"column":34}},"loc":{"start":{"line":33,"column":34},"end":{"line":33,"column":54}},"line":33},"3":{"name":"(anonymous_3)","decl":{"start":{"line":48,"column":12},"end":{"line":48,"column":18}},"loc":{"start":{"line":48,"column":18},"end":{"line":55,"column":5}},"line":48},"4":{"name":"(anonymous_4)","decl":{"start":{"line":51,"column":22},"end":{"line":51,"column":30}},"loc":{"start":{"line":51,"column":30},"end":{"line":51,"column":38}},"line":51},"5":{"name":"(anonymous_5)","decl":{"start":{"line":57,"column":18},"end":{"line":57,"column":30}},"loc":{"start":{"line":57,"column":30},"end":{"line":105,"column":null}},"line":57},"6":{"name":"(anonymous_6)","decl":{"start":{"line":69,"column":17},"end":{"line":69,"column":26}},"loc":{"start":{"line":69,"column":26},"end":{"line":69,"column":88}},"line":69},"7":{"name":"(anonymous_7)","decl":{"start":{"line":73,"column":55},"end":{"line":73,"column":56}},"loc":{"start":{"line":73,"column":68},"end":{"line":76,"column":7}},"line":73},"8":{"name":"(anonymous_8)","decl":{"start":{"line":75,"column":19},"end":{"line":75,"column":28}},"loc":{"start":{"line":75,"column":28},"end":{"line":75,"column":59}},"line":75},"9":{"name":"(anonymous_9)","decl":{"start":{"line":79,"column":17},"end":{"line":79,"column":26}},"loc":{"start":{"line":79,"column":26},"end":{"line":79,"column":63}},"line":79},"10":{"name":"(anonymous_10)","decl":{"start":{"line":82,"column":24},"end":{"line":82,"column":29}},"loc":{"start":{"line":82,"column":29},"end":{"line":82,"column":48}},"line":82},"11":{"name":"(anonymous_11)","decl":{"start":{"line":87,"column":51},"end":{"line":87,"column":52}},"loc":{"start":{"line":87,"column":64},"end":{"line":90,"column":7}},"line":87},"12":{"name":"(anonymous_12)","decl":{"start":{"line":89,"column":19},"end":{"line":89,"column":28}},"loc":{"start":{"line":89,"column":28},"end":{"line":89,"column":57}},"line":89},"13":{"name":"(anonymous_13)","decl":{"start":{"line":93,"column":17},"end":{"line":93,"column":26}},"loc":{"start":{"line":93,"column":26},"end":{"line":93,"column":59}},"line":93},"14":{"name":"(anonymous_14)","decl":{"start":{"line":96,"column":24},"end":{"line":96,"column":29}},"loc":{"start":{"line":96,"column":29},"end":{"line":96,"column":47}},"line":96},"15":{"name":"(anonymous_15)","decl":{"start":{"line":107,"column":23},"end":{"line":107,"column":29}},"loc":{"start":{"line":107,"column":29},"end":{"line":112,"column":null}},"line":107},"16":{"name":"(anonymous_16)","decl":{"start":{"line":115,"column":25},"end":{"line":115,"column":31}},"loc":{"start":{"line":115,"column":31},"end":{"line":124,"column":null}},"line":115}},"branchMap":{"0":{"loc":{"start":{"line":50,"column":4},"end":{"line":54,"column":null}},"type":"if","locations":[{"start":{"line":50,"column":4},"end":{"line":54,"column":null}},{"start":{"line":52,"column":4},"end":{"line":54,"column":null}}],"line":50},"1":{"loc":{"start":{"line":52,"column":4},"end":{"line":54,"column":null}},"type":"if","locations":[{"start":{"line":52,"column":4},"end":{"line":54,"column":null}},{"start":{},"end":{}}],"line":52},"2":{"loc":{"start":{"line":52,"column":15},"end":{"line":52,"column":93}},"type":"binary-expr","locations":[{"start":{"line":52,"column":15},"end":{"line":52,"column":52}},{"start":{"line":52,"column":52},"end":{"line":52,"column":74}},{"start":{"line":52,"column":74},"end":{"line":52,"column":93}}],"line":52},"3":{"loc":{"start":{"line":58,"column":4},"end":{"line":58,"column":null}},"type":"if","locations":[{"start":{"line":58,"column":4},"end":{"line":58,"column":null}},{"start":{},"end":{}}],"line":58},"4":{"loc":{"start":{"line":58,"column":8},"end":{"line":58,"column":52}},"type":"binary-expr","locations":[{"start":{"line":58,"column":8},"end":{"line":58,"column":29}},{"start":{"line":58,"column":29},"end":{"line":58,"column":52}}],"line":58},"5":{"loc":{"start":{"line":108,"column":4},"end":{"line":108,"column":null}},"type":"if","locations":[{"start":{"line":108,"column":4},"end":{"line":108,"column":null}},{"start":{},"end":{}}],"line":108},"6":{"loc":{"start":{"line":109,"column":4},"end":{"line":109,"column":null}},"type":"if","locations":[{"start":{"line":109,"column":4},"end":{"line":109,"column":null}},{"start":{},"end":{}}],"line":109},"7":{"loc":{"start":{"line":110,"column":4},"end":{"line":110,"column":null}},"type":"if","locations":[{"start":{"line":110,"column":4},"end":{"line":110,"column":null}},{"start":{},"end":{}}],"line":110},"8":{"loc":{"start":{"line":114,"column":23},"end":{"line":114,"column":null}},"type":"cond-expr","locations":[{"start":{"line":114,"column":47},"end":{"line":114,"column":54}},{"start":{"line":114,"column":54},"end":{"line":114,"column":null}}],"line":114},"9":{"loc":{"start":{"line":116,"column":4},"end":{"line":123,"column":null}},"type":"switch","locations":[{"start":{"line":117,"column":6},"end":{"line":117,"column":null}},{"start":{"line":118,"column":6},"end":{"line":118,"column":null}},{"start":{"line":119,"column":6},"end":{"line":119,"column":null}},{"start":{"line":120,"column":6},"end":{"line":120,"column":null}},{"start":{"line":121,"column":6},"end":{"line":121,"column":null}},{"start":{"line":122,"column":6},"end":{"line":122,"column":null}}],"line":116},"10":{"loc":{"start":{"line":171,"column":17},"end":{"line":171,"column":null}},"type":"cond-expr","locations":[{"start":{"line":171,"column":40},"end":{"line":171,"column":55}},{"start":{"line":171,"column":55},"end":{"line":171,"column":null}}],"line":171},"11":{"loc":{"start":{"line":181,"column":22},"end":{"line":181,"column":null}},"type":"binary-expr","locations":[{"start":{"line":181,"column":22},"end":{"line":181,"column":43}},{"start":{"line":181,"column":43},"end":{"line":181,"column":null}}],"line":181},"12":{"loc":{"start":{"line":183,"column":13},"end":{"line":183,"column":null}},"type":"cond-expr","locations":[{"start":{"line":183,"column":37},"end":{"line":183,"column":53}},{"start":{"line":183,"column":53},"end":{"line":183,"column":null}}],"line":183},"13":{"loc":{"start":{"line":183,"column":53},"end":{"line":183,"column":null}},"type":"cond-expr","locations":[{"start":{"line":183,"column":73},"end":{"line":183,"column":88}},{"start":{"line":183,"column":88},"end":{"line":183,"column":null}}],"line":183},"14":{"loc":{"start":{"line":196,"column":15},"end":{"line":196,"column":null}},"type":"cond-expr","locations":[{"start":{"line":196,"column":38},"end":{"line":196,"column":68}},{"start":{"line":196,"column":68},"end":{"line":196,"column":null}}],"line":196},"15":{"loc":{"start":{"line":207,"column":15},"end":{"line":207,"column":null}},"type":"cond-expr","locations":[{"start":{"line":207,"column":36},"end":{"line":207,"column":64}},{"start":{"line":207,"column":64},"end":{"line":207,"column":null}}],"line":207},"16":{"loc":{"start":{"line":218,"column":15},"end":{"line":218,"column":null}},"type":"cond-expr","locations":[{"start":{"line":218,"column":34},"end":{"line":218,"column":49}},{"start":{"line":218,"column":49},"end":{"line":218,"column":null}}],"line":218},"17":{"loc":{"start":{"line":229,"column":15},"end":{"line":229,"column":null}},"type":"cond-expr","locations":[{"start":{"line":229,"column":36},"end":{"line":229,"column":53}},{"start":{"line":229,"column":53},"end":{"line":229,"column":null}}],"line":229}},"s":{"0":12,"1":12,"2":12,"3":12,"4":3,"5":3,"6":12,"7":12,"8":12,"9":12,"10":12,"11":12,"12":12,"13":11,"14":2,"15":2,"16":9,"17":0,"18":12,"19":2,"20":0,"21":2,"22":2,"23":2,"24":2,"25":2,"26":2,"27":1,"28":1,"29":1,"30":1,"31":2,"32":2,"33":2,"34":1,"35":1,"36":1,"37":1,"38":1,"39":1,"40":1,"41":1,"42":1,"43":1,"44":1,"45":1,"46":1,"47":1,"48":1,"49":1,"50":1,"51":1,"52":1,"53":1,"54":12,"55":12,"56":3,"57":9,"58":1,"59":8,"60":1,"61":7,"62":12,"63":12,"64":12,"65":5,"66":2,"67":3,"68":1,"69":1,"70":0,"71":12},"f":{"0":12,"1":3,"2":3,"3":11,"4":2,"5":2,"6":1,"7":2,"8":2,"9":1,"10":1,"11":1,"12":1,"13":1,"14":1,"15":12,"16":12},"b":{"0":[2,9],"1":[0,9],"2":[9,7,1],"3":[0,2],"4":[2,0],"5":[3,9],"6":[1,8],"7":[1,7],"8":[2,10],"9":[5,2,3,1,1,0],"10":[2,10],"11":[12,7],"12":[1,11],"13":[5,6],"14":[5,7],"15":[2,10],"16":[5,7],"17":[5,7]},"meta":{"lastBranch":18,"lastFunction":17,"lastStatement":72,"seen":{"f:15:9:15:15":0,"s:16:26:16:Infinity":0,"s:17:28:22:Infinity":1,"s:23:36:29:Infinity":2,"s:31:2:34:Infinity":3,"f:31:12:31:18":1,"s:33:4:33:Infinity":4,"f:33:26:33:34":2,"s:33:34:33:54":5,"s:37:38:37:Infinity":6,"s:38:38:38:Infinity":7,"s:41:23:41:Infinity":8,"s:42:24:42:Infinity":9,"s:45:25:45:Infinity":10,"s:46:27:46:Infinity":11,"s:48:2:55:Infinity":12,"f:48:12:48:18":3,"b:50:4:54:Infinity:52:4:54:Infinity":0,"s:50:4:54:Infinity":13,"s:51:6:51:Infinity":14,"f:51:22:51:30":4,"s:51:30:51:38":15,"b:52:4:54:Infinity:undefined:undefined:undefined:undefined":1,"s:52:4:54:Infinity":16,"b:52:15:52:52:52:52:52:74:52:74:52:93":2,"s:53:6:53:Infinity":17,"s:57:18:105:Infinity":18,"f:57:18:57:30":5,"b:58:4:58:Infinity:undefined:undefined:undefined:undefined":3,"s:58:4:58:Infinity":19,"b:58:8:58:29:58:29:58:52":4,"s:58:52:58:Infinity":20,"s:61:4:61:Infinity":21,"s:62:4:62:Infinity":22,"s:63:4:63:Infinity":23,"s:64:4:64:Infinity":24,"s:66:4:104:Infinity":25,"s:68:25:68:Infinity":26,"s:69:6:69:Infinity":27,"f:69:17:69:26":6,"s:69:26:69:88":28,"s:72:6:72:Infinity":29,"s:73:28:76:Infinity":30,"f:73:55:73:56":7,"s:74:8:74:Infinity":31,"s:75:8:75:Infinity":32,"f:75:19:75:28":8,"s:75:28:75:59":33,"s:78:6:78:Infinity":34,"s:79:6:79:Infinity":35,"f:79:17:79:26":9,"s:79:26:79:63":36,"s:82:6:82:Infinity":37,"f:82:24:82:29":10,"s:82:29:82:48":38,"s:83:6:83:Infinity":39,"s:86:6:86:Infinity":40,"s:87:26:90:Infinity":41,"f:87:51:87:52":11,"s:88:8:88:Infinity":42,"s:89:8:89:Infinity":43,"f:89:19:89:28":12,"s:89:28:89:57":44,"s:92:6:92:Infinity":45,"s:93:6:93:Infinity":46,"f:93:17:93:26":13,"s:93:26:93:59":47,"s:96:6:96:Infinity":48,"f:96:24:96:29":14,"s:96:29:96:47":49,"s:98:6:98:Infinity":50,"s:99:6:99:Infinity":51,"s:102:6:102:Infinity":52,"s:103:6:103:Infinity":53,"s:107:23:112:Infinity":54,"f:107:23:107:29":15,"b:108:4:108:Infinity:undefined:undefined:undefined:undefined":5,"s:108:4:108:Infinity":55,"s:108:34:108:Infinity":56,"b:109:4:109:Infinity:undefined:undefined:undefined:undefined":6,"s:109:4:109:Infinity":57,"s:109:32:109:Infinity":58,"b:110:4:110:Infinity:undefined:undefined:undefined:undefined":7,"s:110:4:110:Infinity":59,"s:110:31:110:Infinity":60,"s:111:4:111:Infinity":61,"s:114:23:114:Infinity":62,"b:114:47:114:54:114:54:114:Infinity":8,"s:115:25:124:Infinity":63,"f:115:25:115:31":16,"b:117:6:117:Infinity:118:6:118:Infinity:119:6:119:Infinity:120:6:120:Infinity:121:6:121:Infinity:122:6:122:Infinity":9,"s:116:4:123:Infinity":64,"s:117:19:117:Infinity":65,"s:118:22:118:Infinity":66,"s:119:26:119:Infinity":67,"s:120:24:120:Infinity":68,"s:121:23:121:Infinity":69,"s:122:15:122:Infinity":70,"s:126:2:255:Infinity":71,"b:171:40:171:55:171:55:171:Infinity":10,"b:181:22:181:43:181:43:181:Infinity":11,"b:183:37:183:53:183:53:183:Infinity":12,"b:183:73:183:88:183:88:183:Infinity":13,"b:196:38:196:68:196:68:196:Infinity":14,"b:207:36:207:64:207:64:207:Infinity":15,"b:218:34:218:49:218:49:218:Infinity":16,"b:229:36:229:53:229:53:229:Infinity":17}}}
,"/Users/someshdayama/.gemini/antigravity/scratch/speedtest/src/utils/speedTest.js": {"path":"/Users/someshdayama/.gemini/antigravity/scratch/speedtest/src/utils/speedTest.js","statementMap":{"0":{"start":{"line":4,"column":27},"end":{"line":20,"column":1}},"1":{"start":{"line":5,"column":2},"end":{"line":19,"column":null}},"2":{"start":{"line":6,"column":18},"end":{"line":6,"column":35}},"3":{"start":{"line":8,"column":4},"end":{"line":8,"column":null}},"4":{"start":{"line":9,"column":20},"end":{"line":9,"column":57}},"5":{"start":{"line":12,"column":19},"end":{"line":12,"column":36}},"6":{"start":{"line":13,"column":4},"end":{"line":13,"column":null}},"7":{"start":{"line":14,"column":21},"end":{"line":14,"column":59}},"8":{"start":{"line":16,"column":4},"end":{"line":16,"column":null}},"9":{"start":{"line":18,"column":4},"end":{"line":18,"column":null}},"10":{"start":{"line":22,"column":36},"end":{"line":65,"column":1}},"11":{"start":{"line":24,"column":18},"end":{"line":24,"column":70}},"12":{"start":{"line":26,"column":2},"end":{"line":64,"column":null}},"13":{"start":{"line":27,"column":22},"end":{"line":27,"column":39}},"14":{"start":{"line":28,"column":21},"end":{"line":28,"column":64}},"15":{"start":{"line":30,"column":4},"end":{"line":32,"column":null}},"16":{"start":{"line":31,"column":6},"end":{"line":31,"column":null}},"17":{"start":{"line":34,"column":19},"end":{"line":34,"column":44}},"18":{"start":{"line":35,"column":22},"end":{"line":35,"column":23}},"19":{"start":{"line":36,"column":27},"end":{"line":36,"column":36}},"20":{"start":{"line":37,"column":27},"end":{"line":37,"column":28}},"21":{"start":{"line":39,"column":4},"end":{"line":55,"column":null}},"22":{"start":{"line":40,"column":30},"end":{"line":40,"column":49}},"23":{"start":{"line":41,"column":6},"end":{"line":41,"column":null}},"24":{"start":{"line":41,"column":16},"end":{"line":41,"column":null}},"25":{"start":{"line":43,"column":6},"end":{"line":43,"column":null}},"26":{"start":{"line":44,"column":18},"end":{"line":44,"column":35}},"27":{"start":{"line":45,"column":23},"end":{"line":45,"column":45}},"28":{"start":{"line":48,"column":6},"end":{"line":54,"column":null}},"29":{"start":{"line":50,"column":20},"end":{"line":50,"column":66}},"30":{"start":{"line":51,"column":8},"end":{"line":51,"column":41}},"31":{"start":{"line":52,"column":8},"end":{"line":52,"column":null}},"32":{"start":{"line":53,"column":8},"end":{"line":53,"column":null}},"33":{"start":{"line":57,"column":29},"end":{"line":57,"column":67}},"34":{"start":{"line":58,"column":21},"end":{"line":58,"column":57}},"35":{"start":{"line":59,"column":4},"end":{"line":59,"column":null}},"36":{"start":{"line":62,"column":4},"end":{"line":62,"column":null}},"37":{"start":{"line":63,"column":4},"end":{"line":63,"column":null}},"38":{"start":{"line":67,"column":34},"end":{"line":120,"column":1}},"39":{"start":{"line":69,"column":22},"end":{"line":69,"column":37}},"40":{"start":{"line":70,"column":25},"end":{"line":70,"column":26}},"41":{"start":{"line":71,"column":31},"end":{"line":71,"column":36}},"42":{"start":{"line":73,"column":18},"end":{"line":73,"column":45}},"43":{"start":{"line":74,"column":2},"end":{"line":74,"column":null}},"44":{"start":{"line":74,"column":15},"end":{"line":74,"column":16}},"45":{"start":{"line":74,"column":40},"end":{"line":74,"column":null}},"46":{"start":{"line":76,"column":2},"end":{"line":119,"column":null}},"47":{"start":{"line":77,"column":22},"end":{"line":77,"column":39}},"48":{"start":{"line":80,"column":28},"end":{"line":80,"column":29}},"49":{"start":{"line":81,"column":29},"end":{"line":84,"column":11}},"50":{"start":{"line":82,"column":6},"end":{"line":82,"column":null}},"51":{"start":{"line":83,"column":6},"end":{"line":83,"column":null}},"52":{"start":{"line":86,"column":24},"end":{"line":102,"column":6}},"53":{"start":{"line":87,"column":25},"end":{"line":87,"column":46}},"54":{"start":{"line":88,"column":24},"end":{"line":88,"column":82}},"55":{"start":{"line":88,"column":41},"end":{"line":88,"column":59}},"56":{"start":{"line":90,"column":6},"end":{"line":101,"column":null}},"57":{"start":{"line":91,"column":8},"end":{"line":96,"column":null}},"58":{"start":{"line":98,"column":8},"end":{"line":98,"column":null}},"59":{"start":{"line":98,"column":37},"end":{"line":98,"column":null}},"60":{"start":{"line":100,"column":8},"end":{"line":100,"column":null}},"61":{"start":{"line":104,"column":4},"end":{"line":104,"column":null}},"62":{"start":{"line":106,"column":4},"end":{"line":106,"column":null}},"63":{"start":{"line":108,"column":29},"end":{"line":108,"column":106}},"64":{"start":{"line":109,"column":27},"end":{"line":109,"column":55}},"65":{"start":{"line":110,"column":21},"end":{"line":110,"column":60}},"66":{"start":{"line":111,"column":22},"end":{"line":111,"column":40}},"67":{"start":{"line":113,"column":4},"end":{"line":113,"column":null}},"68":{"start":{"line":114,"column":4},"end":{"line":114,"column":null}},"69":{"start":{"line":117,"column":4},"end":{"line":117,"column":null}},"70":{"start":{"line":118,"column":4},"end":{"line":118,"column":null}},"71":{"start":{"line":122,"column":30},"end":{"line":167,"column":1}},"72":{"start":{"line":123,"column":13},"end":{"line":129,"column":3}},"73":{"start":{"line":131,"column":2},"end":{"line":157,"column":null}},"74":{"start":{"line":133,"column":16},"end":{"line":133,"column":53}},"75":{"start":{"line":134,"column":4},"end":{"line":134,"column":null}},"76":{"start":{"line":134,"column":17},"end":{"line":134,"column":null}},"77":{"start":{"line":135,"column":17},"end":{"line":135,"column":33}},"78":{"start":{"line":136,"column":4},"end":{"line":144,"column":null}},"79":{"start":{"line":137,"column":6},"end":{"line":137,"column":null}},"80":{"start":{"line":138,"column":6},"end":{"line":138,"column":null}},"81":{"start":{"line":141,"column":6},"end":{"line":143,"column":null}},"82":{"start":{"line":142,"column":8},"end":{"line":142,"column":null}},"83":{"start":{"line":146,"column":4},"end":{"line":156,"column":null}},"84":{"start":{"line":148,"column":19},"end":{"line":148,"column":67}},"85":{"start":{"line":149,"column":20},"end":{"line":149,"column":37}},"86":{"start":{"line":150,"column":6},"end":{"line":150,"column":null}},"87":{"start":{"line":151,"column":6},"end":{"line":151,"column":null}},"88":{"start":{"line":154,"column":6},"end":{"line":154,"column":null}},"89":{"start":{"line":155,"column":6},"end":{"line":155,"column":null}},"90":{"start":{"line":159,"column":21},"end":{"line":159,"column":98}},"91":{"start":{"line":160,"column":2},"end":{"line":164,"column":null}},"92":{"start":{"line":161,"column":4},"end":{"line":161,"column":null}},"93":{"start":{"line":162,"column":4},"end":{"line":162,"column":null}},"94":{"start":{"line":163,"column":4},"end":{"line":163,"column":null}},"95":{"start":{"line":166,"column":2},"end":{"line":166,"column":null}}},"fnMap":{"0":{"name":"(anonymous_0)","decl":{"start":{"line":4,"column":27},"end":{"line":4,"column":32}},"loc":{"start":{"line":4,"column":39},"end":{"line":20,"column":1}},"line":4},"1":{"name":"(anonymous_1)","decl":{"start":{"line":22,"column":36},"end":{"line":22,"column":41}},"loc":{"start":{"line":22,"column":58},"end":{"line":65,"column":1}},"line":22},"2":{"name":"(anonymous_2)","decl":{"start":{"line":67,"column":34},"end":{"line":67,"column":39}},"loc":{"start":{"line":67,"column":56},"end":{"line":120,"column":1}},"line":67},"3":{"name":"(anonymous_3)","decl":{"start":{"line":81,"column":41},"end":{"line":81,"column":42}},"loc":{"start":{"line":81,"column":47},"end":{"line":84,"column":5}},"line":81},"4":{"name":"(anonymous_4)","decl":{"start":{"line":86,"column":67},"end":{"line":86,"column":72}},"loc":{"start":{"line":86,"column":79},"end":{"line":102,"column":5}},"line":86},"5":{"name":"(anonymous_5)","decl":{"start":{"line":88,"column":35},"end":{"line":88,"column":36}},"loc":{"start":{"line":88,"column":41},"end":{"line":88,"column":59}},"line":88},"6":{"name":"(anonymous_6)","decl":{"start":{"line":122,"column":30},"end":{"line":122,"column":35}},"loc":{"start":{"line":122,"column":42},"end":{"line":167,"column":1}},"line":122}},"branchMap":{"0":{"loc":{"start":{"line":30,"column":4},"end":{"line":32,"column":null}},"type":"if","locations":[{"start":{"line":30,"column":4},"end":{"line":32,"column":null}},{"start":{},"end":{}}],"line":30},"1":{"loc":{"start":{"line":41,"column":6},"end":{"line":41,"column":null}},"type":"if","locations":[{"start":{"line":41,"column":6},"end":{"line":41,"column":null}},{"start":{},"end":{}}],"line":41},"2":{"loc":{"start":{"line":48,"column":6},"end":{"line":54,"column":null}},"type":"if","locations":[{"start":{"line":48,"column":6},"end":{"line":54,"column":null}},{"start":{},"end":{}}],"line":48},"3":{"loc":{"start":{"line":98,"column":8},"end":{"line":98,"column":null}},"type":"if","locations":[{"start":{"line":98,"column":8},"end":{"line":98,"column":null}},{"start":{},"end":{}}],"line":98},"4":{"loc":{"start":{"line":134,"column":4},"end":{"line":134,"column":null}},"type":"if","locations":[{"start":{"line":134,"column":4},"end":{"line":134,"column":null}},{"start":{},"end":{}}],"line":134},"5":{"loc":{"start":{"line":136,"column":4},"end":{"line":144,"column":null}},"type":"if","locations":[{"start":{"line":136,"column":4},"end":{"line":144,"column":null}},{"start":{},"end":{}}],"line":136},"6":{"loc":{"start":{"line":138,"column":22},"end":{"line":138,"column":62}},"type":"binary-expr","locations":[{"start":{"line":138,"column":22},"end":{"line":138,"column":30}},{"start":{"line":138,"column":34},"end":{"line":138,"column":42}},{"start":{"line":138,"column":46},"end":{"line":138,"column":62}}],"line":138},"7":{"loc":{"start":{"line":141,"column":6},"end":{"line":143,"column":null}},"type":"if","locations":[{"start":{"line":141,"column":6},"end":{"line":143,"column":null}},{"start":{},"end":{}}],"line":141},"8":{"loc":{"start":{"line":141,"column":10},"end":{"line":141,"column":71}},"type":"binary-expr","locations":[{"start":{"line":141,"column":10},"end":{"line":141,"column":40}},{"start":{"line":141,"column":44},"end":{"line":141,"column":71}}],"line":141},"9":{"loc":{"start":{"line":150,"column":16},"end":{"line":150,"column":36}},"type":"binary-expr","locations":[{"start":{"line":150,"column":16},"end":{"line":150,"column":24}},{"start":{"line":150,"column":28},"end":{"line":150,"column":36}}],"line":150},"10":{"loc":{"start":{"line":159,"column":21},"end":{"line":159,"column":98}},"type":"binary-expr","locations":[{"start":{"line":159,"column":21},"end":{"line":159,"column":41}},{"start":{"line":159,"column":45},"end":{"line":159,"column":68}},{"start":{"line":159,"column":72},"end":{"line":159,"column":98}}],"line":159},"11":{"loc":{"start":{"line":160,"column":2},"end":{"line":164,"column":null}},"type":"if","locations":[{"start":{"line":160,"column":2},"end":{"line":164,"column":null}},{"start":{},"end":{}}],"line":160},"12":{"loc":{"start":{"line":161,"column":16},"end":{"line":161,"column":72}},"type":"binary-expr","locations":[{"start":{"line":161,"column":16},"end":{"line":161,"column":40}},{"start":{"line":161,"column":44},"end":{"line":161,"column":59}},{"start":{"line":161,"column":63},"end":{"line":161,"column":72}}],"line":161},"13":{"loc":{"start":{"line":162,"column":20},"end":{"line":162,"column":93}},"type":"cond-expr","locations":[{"start":{"line":162,"column":42},"end":{"line":162,"column":85}},{"start":{"line":162,"column":88},"end":{"line":162,"column":93}}],"line":162},"14":{"loc":{"start":{"line":163,"column":15},"end":{"line":163,"column":72}},"type":"cond-expr","locations":[{"start":{"line":163,"column":32},"end":{"line":163,"column":64}},{"start":{"line":163,"column":67},"end":{"line":163,"column":72}}],"line":163}},"s":{"0":1,"1":2,"2":2,"3":2,"4":1,"5":1,"6":1,"7":1,"8":1,"9":1,"10":1,"11":4,"12":4,"13":4,"14":4,"15":2,"16":1,"17":1,"18":1,"19":1,"20":1,"21":1,"22":2,"23":2,"24":1,"25":1,"26":1,"27":1,"28":1,"29":1,"30":1,"31":1,"32":1,"33":1,"34":1,"35":1,"36":3,"37":3,"38":1,"39":3,"40":3,"41":3,"42":3,"43":3,"44":3,"45":15728640,"46":3,"47":3,"48":3,"49":3,"50":0,"51":0,"52":3,"53":6,"54":6,"55":0,"56":6,"57":6,"58":4,"59":2,"60":6,"61":3,"62":2,"63":2,"64":2,"65":2,"66":2,"67":2,"68":2,"69":1,"70":1,"71":1,"72":3,"73":3,"74":3,"75":2,"76":2,"77":1,"78":1,"79":1,"80":1,"81":1,"82":1,"83":2,"84":2,"85":1,"86":1,"87":2,"88":1,"89":1,"90":3,"91":3,"92":3,"93":3,"94":3,"95":3},"f":{"0":2,"1":4,"2":3,"3":0,"4":6,"5":0,"6":3},"b":{"0":[1,1],"1":[1,1],"2":[1,0],"3":[2,2],"4":[1,1],"5":[1,0],"6":[1,0,0],"7":[1,0],"8":[1,1],"9":[1,0],"10":[3,0,0],"11":[3,0],"12":[3,0,0],"13":[3,0],"14":[3,0]},"meta":{"lastBranch":15,"lastFunction":7,"lastStatement":96,"seen":{"s:4:27:20:1":0,"f:4:27:4:32":0,"s:5:2:19:Infinity":1,"s:6:18:6:35":2,"s:8:4:8:Infinity":3,"s:9:20:9:57":4,"s:12:19:12:36":5,"s:13:4:13:Infinity":6,"s:14:21:14:59":7,"s:16:4:16:Infinity":8,"s:18:4:18:Infinity":9,"s:22:36:65:1":10,"f:22:36:22:41":1,"s:24:18:24:70":11,"s:26:2:64:Infinity":12,"s:27:22:27:39":13,"s:28:21:28:64":14,"b:30:4:32:Infinity:undefined:undefined:undefined:undefined":0,"s:30:4:32:Infinity":15,"s:31:6:31:Infinity":16,"s:34:19:34:44":17,"s:35:22:35:23":18,"s:36:27:36:36":19,"s:37:27:37:28":20,"s:39:4:55:Infinity":21,"s:40:30:40:49":22,"b:41:6:41:Infinity:undefined:undefined:undefined:undefined":1,"s:41:6:41:Infinity":23,"s:41:16:41:Infinity":24,"s:43:6:43:Infinity":25,"s:44:18:44:35":26,"s:45:23:45:45":27,"b:48:6:54:Infinity:undefined:undefined:undefined:undefined":2,"s:48:6:54:Infinity":28,"s:50:20:50:66":29,"s:51:8:51:41":30,"s:52:8:52:Infinity":31,"s:53:8:53:Infinity":32,"s:57:29:57:67":33,"s:58:21:58:57":34,"s:59:4:59:Infinity":35,"s:62:4:62:Infinity":36,"s:63:4:63:Infinity":37,"s:67:34:120:1":38,"f:67:34:67:39":2,"s:69:22:69:37":39,"s:70:25:70:26":40,"s:71:31:71:36":41,"s:73:18:73:45":42,"s:74:2:74:Infinity":43,"s:74:15:74:16":44,"s:74:40:74:Infinity":45,"s:76:2:119:Infinity":46,"s:77:22:77:39":47,"s:80:28:80:29":48,"s:81:29:84:11":49,"f:81:41:81:42":3,"s:82:6:82:Infinity":50,"s:83:6:83:Infinity":51,"s:86:24:102:6":52,"f:86:67:86:72":4,"s:87:25:87:46":53,"s:88:24:88:82":54,"f:88:35:88:36":5,"s:88:41:88:59":55,"s:90:6:101:Infinity":56,"s:91:8:96:Infinity":57,"b:98:8:98:Infinity:undefined:undefined:undefined:undefined":3,"s:98:8:98:Infinity":58,"s:98:37:98:Infinity":59,"s:100:8:100:Infinity":60,"s:104:4:104:Infinity":61,"s:106:4:106:Infinity":62,"s:108:29:108:106":63,"s:109:27:109:55":64,"s:110:21:110:60":65,"s:111:22:111:40":66,"s:113:4:113:Infinity":67,"s:114:4:114:Infinity":68,"s:117:4:117:Infinity":69,"s:118:4:118:Infinity":70,"s:122:30:167:1":71,"f:122:30:122:35":6,"s:123:13:129:3":72,"s:131:2:157:Infinity":73,"s:133:16:133:53":74,"b:134:4:134:Infinity:undefined:undefined:undefined:undefined":4,"s:134:4:134:Infinity":75,"s:134:17:134:Infinity":76,"s:135:17:135:33":77,"b:136:4:144:Infinity:undefined:undefined:undefined:undefined":5,"s:136:4:144:Infinity":78,"s:137:6:137:Infinity":79,"s:138:6:138:Infinity":80,"b:138:22:138:30:138:34:138:42:138:46:138:62":6,"b:141:6:143:Infinity:undefined:undefined:undefined:undefined":7,"s:141:6:143:Infinity":81,"b:141:10:141:40:141:44:141:71":8,"s:142:8:142:Infinity":82,"s:146:4:156:Infinity":83,"s:148:19:148:67":84,"s:149:20:149:37":85,"s:150:6:150:Infinity":86,"b:150:16:150:24:150:28:150:36":9,"s:151:6:151:Infinity":87,"s:154:6:154:Infinity":88,"s:155:6:155:Infinity":89,"s:159:21:159:98":90,"b:159:21:159:41:159:45:159:68:159:72:159:98":10,"b:160:2:164:Infinity:undefined:undefined:undefined:undefined":11,"s:160:2:164:Infinity":91,"s:161:4:161:Infinity":92,"b:161:16:161:40:161:44:161:59:161:63:161:72":12,"s:162:4:162:Infinity":93,"b:162:42:162:85:162:88:162:93":13,"s:163:4:163:Infinity":94,"b:163:32:163:64:163:67:163:72":14,"s:166:2:166:Infinity":95}}}
}
